{"name": "test_replace[getData146]", "status": "failed", "statusDetails": {"message": "AssertionError", "trace": "self = <Tests.test_e2e.TestOne object at 0x7fe773f3bf10>, getData1 = {'Amt': '', 'Mode': 'UPI', 'Qty': '1', 'Ticket': '20220328T112502225', ...}\n\n    @pytest.mark.replace\n    def test_replace(self,getData1):\n        replace= Replace(self.driver)\n>       status =replace.replace_tic(getData1)\n\nTests/test_e2e.py:114: \n_ _ _ _ _ _ _ _ _ _ _ _ _ _ _ _ _ _ _ _ _ _ _ _ _ _ _ _ _ _ _ _ _ _ _ _ _ _ _ _ _ _ _ _ _ _ _ _ _ _ _ _ _ _ _ _ _ _ _ _ _ _ _ _ _ _ _ _ _ _ _ _ _ _ _ _ _ _ _ _ _ _ _ \n\nself = <PageObject.Replacement.Replace object at 0x7fe773af8160>, getData = {'Amt': '', 'Mode': 'UPI', 'Qty': '1', 'Ticket': '20220328T112502225', ...}\n\n    def replace_tic(self,getData):\n        time.sleep(1)\n        h=self.driver.find_element(AppiumBy.ID, \"com.example.punemetrotom:id/imgPuneMetroLogo\")\n        h.click()\n    \n    \n        time.sleep(1)\n        m = self.driver.find_element(AppiumBy.XPATH,\"//androidx.recyclerview.widget.RecyclerView/android.widget.LinearLayout[6]\")\n        m.click()\n        time.sleep(1)\n        wait = WebDriverWait(self.driver, 60)\n        replace_tic = self.driver.find_element(AppiumBy.ID, \"com.example.punemetrotom:id/editText_ticket_id\")\n        replace_tic.send_keys(getData['Ticket'])\n        time.sleep(1)\n        confirm_btn = self.driver.find_element(AppiumBy.ID, \"com.example.punemetrotom:id/btnIssueReplacement\")\n        confirm_btn.click()\n        time.sleep(2)\n    \n        try:\n    \n            self.driver.find_element(AppiumBy.ID, \"com.example.punemetrotom:id/button_go_to_home_screen\").click()\n    \n    \n        except  Exception as e:\n            print(e)\n        else:\n>           assert \"a\" in \"b\"\nE           AssertionError\n\nPageObject/Replacement.py:41: AssertionError"}, "parameters": [{"name": "getData1", "value": "{'Qty': '1', 'Type': 'SJT', 'Mode': 'UPI', 'Ticket': '20220328T112502225', 'flow': 'replace', 'Amt': ''}"}], "start": 1648485369770, "stop": 1648485377902, "uuid": "8cef1fb1-c3e2-453c-ad2e-6390f0be10f8", "historyId": "fe17d9eee86bd6d3dcaa87e488618db0", "testCaseId": "5d9b20086b1b5813be256cb21f194eaf", "fullName": "Tests.test_e2e.TestOne#test_replace", "labels": [{"name": "tag", "value": "replace"}, {"name": "tag", "value": "@pytest.mark.usefixtures('setup')"}, {"name": "parentSuite", "value": "Tests"}, {"name": "suite", "value": "test_e2e"}, {"name": "subSuite", "value": "TestOne"}, {"name": "host", "value": "pcsadmin-Latitude-3420"}, {"name": "thread", "value": "7150-MainThread"}, {"name": "framework", "value": "pytest"}, {"name": "language", "value": "cpython3"}, {"name": "package", "value": "Tests.test_e2e"}]}