{"name": "test_fe[getDataFE1]", "status": "broken", "statusDetails": {"message": "selenium.common.exceptions.TimeoutException: Message: \nStacktrace:\nNoSuchElementError: An element could not be located on the page using the given search parameters.\n    at AndroidUiautomator2Driver.findElOrEls (/home/sohansagar/.nvm/versions/node/v14.17.3/lib/node_modules/appium/node_modules/appium-android-driver/lib/commands/find.js:75:11)\n    at runMicrotasks (<anonymous>)\n    at processTicksAndRejections (internal/process/task_queues.js:95:5)\n    at AndroidUiautomator2Driver.findElOrElsWithProcessing (/home/sohansagar/.nvm/versions/node/v14.17.3/lib/node_modules/appium/node_modules/appium-base-driver/lib/basedriver/commands/find.js:33:12)\n    at AndroidUiautomator2Driver.findElement (/home/sohansagar/.nvm/versions/node/v14.17.3/lib/node_modules/appium/node_modules/appium-base-driver/lib/basedriver/commands/find.js:53:10)", "trace": "self = <Tests.test_e2e.TestOne object at 0x7fe7740417f0>, getDataFE = {'Amt': '', 'Mode': 'Card', 'Qty': '1', 'Ticket': '20220328T204517414', ...}\n\n    @pytest.mark.fe\n    def test_fe(self, getDataFE):\n        fe = FE(self.driver)\n>       status = fe.free_exit(getDataFE)\n\nTests/test_e2e.py:162: \n_ _ _ _ _ _ _ _ _ _ _ _ _ _ _ _ _ _ _ _ _ _ _ _ _ _ _ _ _ _ _ _ _ _ _ _ _ _ _ _ _ _ _ _ _ _ _ _ _ _ _ _ _ _ _ _ _ _ _ _ _ _ _ _ _ _ _ _ _ _ _ _ _ _ _ _ _ _ _ _ _ _ _ \nPageObject/FreeExit.py:49: in free_exit\n    wait.until(EC.presence_of_element_located((AppiumBy.ID, \"com.example.punemetrotom:id/txtSuccess\")))\n_ _ _ _ _ _ _ _ _ _ _ _ _ _ _ _ _ _ _ _ _ _ _ _ _ _ _ _ _ _ _ _ _ _ _ _ _ _ _ _ _ _ _ _ _ _ _ _ _ _ _ _ _ _ _ _ _ _ _ _ _ _ _ _ _ _ _ _ _ _ _ _ _ _ _ _ _ _ _ _ _ _ _ \n\nself = <selenium.webdriver.support.wait.WebDriverWait (session=\"37e87319-9f29-47dd-b851-bbcc2b98803d\")>\nmethod = <function presence_of_element_located.<locals>._predicate at 0x7fe773f29e50>, message = ''\n\n    def until(self, method, message=''):\n        \"\"\"Calls the method provided with the driver as an argument until the \\\n        return value does not evaluate to ``False``.\n    \n        :param method: callable(WebDriver)\n        :param message: optional message for :exc:`TimeoutException`\n        :returns: the result of the last call to `method`\n        :raises: :exc:`selenium.common.exceptions.TimeoutException` if timeout occurs\n        \"\"\"\n        screen = None\n        stacktrace = None\n    \n        end_time = time.time() + self._timeout\n        while True:\n            try:\n                value = method(self._driver)\n                if value:\n                    return value\n            except InvalidSelectorException as e:\n                raise e\n            except self._ignored_exceptions as exc:\n                screen = getattr(exc, 'screen', None)\n                stacktrace = getattr(exc, 'stacktrace', None)\n            time.sleep(self._poll)\n            if time.time() > end_time:\n                break\n>       raise TimeoutException(message, screen, stacktrace)\nE       selenium.common.exceptions.TimeoutException: Message: \nE       Stacktrace:\nE       NoSuchElementError: An element could not be located on the page using the given search parameters.\nE           at AndroidUiautomator2Driver.findElOrEls (/home/sohansagar/.nvm/versions/node/v14.17.3/lib/node_modules/appium/node_modules/appium-android-driver/lib/commands/find.js:75:11)\nE           at runMicrotasks (<anonymous>)\nE           at processTicksAndRejections (internal/process/task_queues.js:95:5)\nE           at AndroidUiautomator2Driver.findElOrElsWithProcessing (/home/sohansagar/.nvm/versions/node/v14.17.3/lib/node_modules/appium/node_modules/appium-base-driver/lib/basedriver/commands/find.js:33:12)\nE           at AndroidUiautomator2Driver.findElement (/home/sohansagar/.nvm/versions/node/v14.17.3/lib/node_modules/appium/node_modules/appium-base-driver/lib/basedriver/commands/find.js:53:10)\n\nvenv/lib/python3.8/site-packages/selenium/webdriver/support/wait.py:89: TimeoutException"}, "attachments": [{"name": "stdout", "source": "9bf47e10-d266-4d6f-9181-3fae6070eef9-attachment.txt", "type": "text/plain"}], "parameters": [{"name": "getDataFE", "value": "{'Qty': '1', 'Type': 'FE', 'Mode': 'Card', 'Ticket': '20220328T204517414', 'flow': 'FE', 'Amt': ''}"}], "start": 1648486449685, "stop": 1648486520225, "uuid": "f8ccd08c-a9a7-431e-a00c-601a103a3440", "historyId": "ad5c62241c3eae1299eb04cbf4fd5f8d", "testCaseId": "569ce598467385b552349dd2ddb0402b", "fullName": "Tests.test_e2e.TestOne#test_fe", "labels": [{"name": "tag", "value": "fe"}, {"name": "tag", "value": "@pytest.mark.usefixtures('setup')"}, {"name": "parentSuite", "value": "Tests"}, {"name": "suite", "value": "test_e2e"}, {"name": "subSuite", "value": "TestOne"}, {"name": "host", "value": "pcsadmin-Latitude-3420"}, {"name": "thread", "value": "7150-MainThread"}, {"name": "framework", "value": "pytest"}, {"name": "language", "value": "cpython3"}, {"name": "package", "value": "Tests.test_e2e"}]}